<?xml version="1.0" encoding="UTF-8"?>
<!-- Generated by org.testng.reporters.JUnitReportReporter -->
<testsuite hostname="Laptop-Aditya" failures="0" tests="3" name="TestCases.DemoTestCases" time="0.027" errors="0" timestamp="2023-01-04T12:54:51 IST" skipped="0">
  <testcase classname="TestCases.DemoTestCases" name="m1" time="0.019"/>
  <system-out/>
  <testcase classname="TestCases.DemoTestCases" name="m3" time="0.005"/>
  <system-out/>
  <testcase classname="TestCases.DemoTestCases" name="m2" time="0.003"/>
  <system-out/>
</testsuite> <!-- TestCases.DemoTestCases -->
