<?xml version="1.0" encoding="UTF-8"?>
<!-- Generated by org.testng.reporters.JUnitReportReporter -->
<testsuite hostname="Laptop-Aditya" failures="0" tests="1" name="TestCases.Tc3" time="0.003" errors="0" timestamp="2023-01-04T15:06:10 IST" skipped="0">
  <testcase classname="TestCases.Tc3" name="m3" time="0.003"/>
  <system-out/>
</testsuite> <!-- TestCases.Tc3 -->
