<?xml version="1.0" encoding="UTF-8"?>
<!-- Generated by org.testng.reporters.JUnitReportReporter -->
<testsuite hostname="Laptop-Aditya" failures="0" tests="1" name="TestCases.Tc1" time="0.021" errors="0" timestamp="2023-01-06T13:05:00 IST" skipped="0">
  <testcase classname="TestCases.Tc1" name="m1" time="0.021"/>
  <system-out/>
</testsuite> <!-- TestCases.Tc1 -->
